<?xml version="1.0" encoding="UTF-8"?>
<!-- Generated by org.testng.reporters.JUnitReportReporter -->
<testsuite hostname="LAPTOP-MCVV6R4J" failures="0" tests="2" name="TestNGFirstPackage.GoogleTest" time="24.858" errors="0" timestamp="29 Nov 2020 08:01:24 GMT" skipped="0">
  <testcase classname="TestNGFirstPackage.GoogleTest" name="googleUrlTest" time="12.027"/>
  <testcase classname="TestNGFirstPackage.GoogleTest" name="googleTitleTest" time="12.831"/>
</testsuite> <!-- TestNGFirstPackage.GoogleTest -->
