<?xml version="1.0" encoding="UTF-8"?>
<!-- Generated by org.testng.reporters.JUnitReportReporter -->
<testsuite hostname="LAPTOP-MCVV6R4J" failures="0" tests="3" name="TestNGFirstPackage.TestNGSecondClass" time="0.118" errors="0" timestamp="29 Nov 2020 07:03:04 GMT" skipped="0">
  <testcase classname="TestNGFirstPackage.TestNGSecondClass" name="amazonUrlTest" time="0.006"/>
  <testcase classname="TestNGFirstPackage.TestNGSecondClass" name="mobileLinkPresentTest" time="0.104"/>
  <testcase classname="TestNGFirstPackage.TestNGSecondClass" name="amazonTitleTest" time="0.008"/>
</testsuite> <!-- TestNGFirstPackage.TestNGSecondClass -->
