<?xml version="1.0" encoding="UTF-8"?>
<!-- Generated by org.testng.reporters.JUnitReportReporter -->
<testsuite hostname="LAPTOP-MCVV6R4J" failures="0" tests="3" name="TestNGFirstPackage.AmazonTestWithAM" time="63.957" errors="0" timestamp="29 Nov 2020 08:01:24 GMT" skipped="0">
  <testcase classname="TestNGFirstPackage.AmazonTestWithAM" name="amazonTitleTest" time="24.078"/>
  <testcase classname="TestNGFirstPackage.AmazonTestWithAM" name="amazonUrlTest" time="21.912"/>
  <testcase classname="TestNGFirstPackage.AmazonTestWithAM" name="mobileLinkPresentTest" time="17.967"/>
</testsuite> <!-- TestNGFirstPackage.AmazonTestWithAM -->
