<?xml version="1.0" encoding="UTF-8"?>
<!-- Generated by org.testng.reporters.JUnitReportReporter -->
<testsuite hostname="LAPTOP-MCVV6R4J" failures="0" tests="2" name="TestNGFirstPackage.RediffTest" time="36.392" errors="0" timestamp="29 Nov 2020 08:01:24 GMT" skipped="0">
  <testcase classname="TestNGFirstPackage.RediffTest" name="rediffUrlTest" time="20.957"/>
  <testcase classname="TestNGFirstPackage.RediffTest" name="rediffTitleTest" time="15.435"/>
</testsuite> <!-- TestNGFirstPackage.RediffTest -->
